<?xml version="1.0" encoding="UTF-8"?>
<testsuite xmlns:xsi="http://www.w3.org/2001/XMLSchema-instance" xsi:noNamespaceSchemaLocation="https://maven.apache.org/surefire/maven-surefire-plugin/xsd/surefire-test-report.xsd" version="3.0.2" name="com.compliance.automation.executor.JSExecutorTest" time="1.501" tests="6" errors="0" skipped="0" failures="0">
  <properties>
[...]
</properties>
  <testcase name="testExecuteWithFailingCondition" classname="com.compliance.automation.executor.JSExecutorTest" time="1.332">
    <system-err><![CDATA[[To redirect Truffle log output to a file use one of the following options:
* '--log.file=<path>' if the option is passed using a guest language launcher.
* '-Dpolyglot.log.file=<path>' if the option is passed using the host Java launcher.
* Configure logging using the polyglot embedding API.]
[engine] WARNING: The polyglot engine uses a fallback runtime that does not support runtime compilation to native code.
Execution without runtime compilation will negatively impact the guest application performance.
The following cause was found: JVMCI is not enabled for this JVM. Enable JVMCI using -XX:+EnableJVMCI.
For more information see: https://www.graalvm.org/latest/reference-manual/embed-languages/#runtime-optimization-support.
To disable this warning use the '--engine.WarnInterpreterOnly=false' option or the '-Dpolyglot.engine.WarnInterpreterOnly=false' system property.
]]></system-err>
  </testcase>
  <testcase name="testExecuteWithMissingFunction" classname="com.compliance.automation.executor.JSExecutorTest" time="0.014">
    <system-err><![CDATA[[To redirect Truffle log output to a file use one of the following options:
* '--log.file=<path>' if the option is passed using a guest language launcher.
* '-Dpolyglot.log.file=<path>' if the option is passed using the host Java launcher.
* Configure logging using the polyglot embedding API.]
[engine] WARNING: The polyglot engine uses a fallback runtime that does not support runtime compilation to native code.
Execution without runtime compilation will negatively impact the guest application performance.
The following cause was found: JVMCI is not enabled for this JVM. Enable JVMCI using -XX:+EnableJVMCI.
For more information see: https://www.graalvm.org/latest/reference-manual/embed-languages/#runtime-optimization-support.
To disable this warning use the '--engine.WarnInterpreterOnly=false' option or the '-Dpolyglot.engine.WarnInterpreterOnly=false' system property.
]]></system-err>
  </testcase>
  <testcase name="testExecuteWithPassingCondition" classname="com.compliance.automation.executor.JSExecutorTest" time="0.022">
    <system-err><![CDATA[[To redirect Truffle log output to a file use one of the following options:
* '--log.file=<path>' if the option is passed using a guest language launcher.
* '-Dpolyglot.log.file=<path>' if the option is passed using the host Java launcher.
* Configure logging using the polyglot embedding API.]
[engine] WARNING: The polyglot engine uses a fallback runtime that does not support runtime compilation to native code.
Execution without runtime compilation will negatively impact the guest application performance.
The following cause was found: JVMCI is not enabled for this JVM. Enable JVMCI using -XX:+EnableJVMCI.
For more information see: https://www.graalvm.org/latest/reference-manual/embed-languages/#runtime-optimization-support.
To disable this warning use the '--engine.WarnInterpreterOnly=false' option or the '-Dpolyglot.engine.WarnInterpreterOnly=false' system property.
]]></system-err>
  </testcase>
  <testcase name="testExecuteWithInvalidConfig" classname="com.compliance.automation.executor.JSExecutorTest" time="0.025">
    <system-err><![CDATA[[To redirect Truffle log output to a file use one of the following options:
* '--log.file=<path>' if the option is passed using a guest language launcher.
* '-Dpolyglot.log.file=<path>' if the option is passed using the host Java launcher.
* Configure logging using the polyglot embedding API.]
[engine] WARNING: The polyglot engine uses a fallback runtime that does not support runtime compilation to native code.
Execution without runtime compilation will negatively impact the guest application performance.
The following cause was found: JVMCI is not enabled for this JVM. Enable JVMCI using -XX:+EnableJVMCI.
For more information see: https://www.graalvm.org/latest/reference-manual/embed-languages/#runtime-optimization-support.
To disable this warning use the '--engine.WarnInterpreterOnly=false' option or the '-Dpolyglot.engine.WarnInterpreterOnly=false' system property.
]]></system-err>
  </testcase>
  <testcase name="testExecuteWithInvalidJS" classname="com.compliance.automation.executor.JSExecutorTest" time="0.038">
    <system-err><![CDATA[[To redirect Truffle log output to a file use one of the following options:
* '--log.file=<path>' if the option is passed using a guest language launcher.
* '-Dpolyglot.log.file=<path>' if the option is passed using the host Java launcher.
* Configure logging using the polyglot embedding API.]
[engine] WARNING: The polyglot engine uses a fallback runtime that does not support runtime compilation to native code.
Execution without runtime compilation will negatively impact the guest application performance.
The following cause was found: JVMCI is not enabled for this JVM. Enable JVMCI using -XX:+EnableJVMCI.
For more information see: https://www.graalvm.org/latest/reference-manual/embed-languages/#runtime-optimization-support.
To disable this warning use the '--engine.WarnInterpreterOnly=false' option or the '-Dpolyglot.engine.WarnInterpreterOnly=false' system property.
]]></system-err>
  </testcase>
  <testcase name="testExecuteWithRuntimeError" classname="com.compliance.automation.executor.JSExecutorTest" time="0.048">
    <system-err><![CDATA[[To redirect Truffle log output to a file use one of the following options:
* '--log.file=<path>' if the option is passed using a guest language launcher.
* '-Dpolyglot.log.file=<path>' if the option is passed using the host Java launcher.
* Configure logging using the polyglot embedding API.]
[engine] WARNING: The polyglot engine uses a fallback runtime that does not support runtime compilation to native code.
Execution without runtime compilation will negatively impact the guest application performance.
The following cause was found: JVMCI is not enabled for this JVM. Enable JVMCI using -XX:+EnableJVMCI.
For more information see: https://www.graalvm.org/latest/reference-manual/embed-languages/#runtime-optimization-support.
To disable this warning use the '--engine.WarnInterpreterOnly=false' option or the '-Dpolyglot.engine.WarnInterpreterOnly=false' system property.
]]></system-err>
  </testcase>
</testsuite>